W, [2008-08-29T19:20:28.839205 #56864]  WARN -- : class Float held ownership of the tag:yaml.org,2002:float tag
Parsing helper micromenus
Parsing helper oscar_wilde_quotes
Parsing helper weather
Adhearsion Started
Request from: Mozilla/5.0 (Macintosh; U; Intel Mac OS X 10_5_4; es-es) AppleWebKit/525.18 (KHTML, like Gecko) Version/3.1.2 Safari/525.20.1
Request from: Mozilla/5.0 (Macintosh; U; Intel Mac OS X 10_5_4; es-es) AppleWebKit/525.18 (KHTML, like Gecko) Version/3.1.2 Safari/525.20.1
Request from: Mozilla/5.0 (Macintosh; U; Intel Mac OS X 10_5_4; es-es) AppleWebKit/525.18 (KHTML, like Gecko) Version/3.1.2 Safari/525.20.1
Request from: Mozilla/5.0 (Macintosh; U; Intel Mac OS X 10_5_4; es-es) AppleWebKit/525.18 (KHTML, like Gecko) Version/3.1.2 Safari/525.20.1
Request from: Mozilla/5.0 (Macintosh; U; Intel Mac OS X 10_5_4; es-es) AppleWebKit/525.18 (KHTML, like Gecko) Version/3.1.2 Safari/525.20.1
Request from: Mozilla/5.0 (Macintosh; U; Intel Mac OS X 10_5_4; es-es) AppleWebKit/525.18 (KHTML, like Gecko) Version/3.1.2 Safari/525.20.1
Request from: Mozilla/5.0 (Macintosh; U; Intel Mac OS X 10_5_4; es-es) AppleWebKit/525.18 (KHTML, like Gecko) Version/3.1.2 Safari/525.20.1
Request from: Mozilla/5.0 (Macintosh; U; Intel Mac OS X 10_5_4; es-es) AppleWebKit/525.18 (KHTML, like Gecko) Version/3.1.2 Safari/525.20.1
Request from: Mozilla/5.0 (Macintosh; U; Intel Mac OS X 10_5_4; es-es) AppleWebKit/525.18 (KHTML, like Gecko) Version/3.1.2 Safari/525.20.1
Request from: Mozilla/5.0 (Macintosh; U; Intel Mac OS X 10_5_4; es-es) AppleWebKit/525.18 (KHTML, like Gecko) Version/3.1.2 Safari/525.20.1
Request from: Mozilla/5.0 (Macintosh; U; Intel Mac OS X 10_5_4; es-es) AppleWebKit/525.18 (KHTML, like Gecko) Version/3.1.2 Safari/525.20.1
Request from: Mozilla/5.0 (Macintosh; U; Intel Mac OS X 10_5_4; es-es) AppleWebKit/525.18 (KHTML, like Gecko) Version/3.1.2 Safari/525.20.1
Request from: Mozilla/5.0 (Macintosh; U; Intel Mac OS X 10_5_4; es-es) AppleWebKit/525.18 (KHTML, like Gecko) Version/3.1.2 Safari/525.20.1
Request from: Mozilla/5.0 (Macintosh; U; Intel Mac OS X 10_5_4; es-es) AppleWebKit/525.18 (KHTML, like Gecko) Version/3.1.2 Safari/525.20.1
Request from: Mozilla/5.0 (Macintosh; U; Intel Mac OS X 10_5_4; es-es) AppleWebKit/525.18 (KHTML, like Gecko) Version/3.1.2 Safari/525.20.1
Request from: Mozilla/5.0 (Macintosh; U; Intel Mac OS X 10_5_4; es-es) AppleWebKit/525.18 (KHTML, like Gecko) Version/3.1.2 Safari/525.20.1
Shutting down gracefully.
